================================================================================

$ ./05-calcular-resultado.sh 16

Executando script com 16 processo(s)

Limites => Mín: 1, Máx: 10000000, Qtd: 10000000

Removendo índices e constraints da tabela de cálculo...

[Qui Dez 17 14:17:47 BRST 2015]

Calculando hash das apostas...

[Qui Dez 17 14:18:16 BRST 2015]

Calculando acertos de cada aposta...

[Qui Dez 17 14:19:31 BRST 2015]

Recriando índices e constraints da tabela de cálculo...

Concluído!

Iniciado às:   Qui Dez 17 14:17:45 BRST 2015
Finalizado às: Qui Dez 17 14:20:17 BRST 2015

================================================================================

$ time psql -f 05-calcular-resultado.sql

TRUNCATE TABLE
ALTER TABLE
ALTER TABLE
DROP INDEX
Tempo de execução está habilitado.
INSERT 0 10000000
Tempo: 25845,822 ms
UPDATE 10000000
Tempo: 1098961,461 ms
Tempo de execução está desabilitado.
ALTER TABLE
ALTER TABLE
CREATE INDEX

                      Lista de relações
 Esquema |   Nome   |  Tipo  |   Dono   | Tamanho | Descrição 
---------+----------+--------+----------+---------+-----------
 public  | aposta   | tabela | megasena | 889 MB  | 
 public  | calculo  | tabela | megasena | 920 MB  | 
 public  | concurso | tabela | megasena | 16 kB   | 
 public  | loterica | tabela | megasena | 16 kB   | 
(4 registros)

  id  |          numeros          |        hash        | acertos 
------+---------------------------+--------------------+---------
  313 | [0:5]={25,41,23,12,21,9}  |      1099533650176 |       1
  585 | [0:5]={54,58,27,56,7,34}  | 189151193006604352 |       0
  733 | [0:5]={32,9,54,56,42,29}  |  45038197712879872 |       1
 1228 | [0:5]={17,5,18,59,37,13}  | 288230444871389200 |       0
 1317 | [0:5]={48,11,55,57,9,47}  |  90283098779944192 |       2
 1345 | [0:5]={59,46,22,21,60,56} | 900755109849333760 |       0
 2125 | [0:5]={4,45,23,58,33,27}  | 144132784628170760 |       0
 2230 | [0:5]={13,20,55,17,37,29} |  18014467497988096 |       1
 2847 | [0:5]={22,56,27,10,51,14} |  37154696995021312 |       0
 3142 | [0:5]={29,43,58,35,21,34} | 144119612161654784 |       0
(10 registros)

real	19m32.554s
user	0m0.040s
sys	0m0.000s

================================================================================

